2021-08-04 14:12:18,957 INFO com.SpringBootJpa1Application [main] Starting SpringBootJpa1Application using Java 16.0.1 on DESKTOP-IE8J09L with PID 22712 (D:\capgpmd\SpringBootJPA1\bin\main started by Kapil's Pc in D:\capgpmd\SpringBootJPA1)
2021-08-04 14:12:18,986 DEBUG com.SpringBootJpa1Application [main] Running with Spring Boot v2.5.3, Spring v5.3.9
2021-08-04 14:12:18,986 INFO com.SpringBootJpa1Application [main] No active profile set, falling back to default profiles: default
2021-08-04 14:12:21,230 INFO org.springframework.data.repository.config.RepositoryConfigurationDelegate [main] Bootstrapping Spring Data JPA repositories in DEFAULT mode.
2021-08-04 14:12:21,569 INFO org.springframework.data.repository.config.RepositoryConfigurationDelegate [main] Finished Spring Data repository scanning in 332 ms. Found 1 JPA repository interfaces.
2021-08-04 14:12:23,562 INFO org.springframework.boot.web.embedded.tomcat.TomcatWebServer [main] Tomcat initialized with port(s): 9090 (http)
2021-08-04 14:12:23,686 INFO org.apache.coyote.http11.Http11NioProtocol [main] Initializing ProtocolHandler ["http-nio-9090"]
2021-08-04 14:12:23,688 INFO org.apache.catalina.core.StandardService [main] Starting service [Tomcat]
2021-08-04 14:12:23,689 INFO org.apache.catalina.core.StandardEngine [main] Starting Servlet engine: [Apache Tomcat/9.0.50]
2021-08-04 14:12:24,728 INFO org.apache.catalina.core.ContainerBase.[Tomcat].[localhost].[/] [main] Initializing Spring embedded WebApplicationContext
2021-08-04 14:12:24,729 INFO org.springframework.boot.web.servlet.context.ServletWebServerApplicationContext [main] Root WebApplicationContext: initialization completed in 5675 ms
2021-08-04 14:12:25,067 DEBUG com.zaxxer.hikari.HikariConfig [main] Driver class oracle.jdbc.OracleDriver found in Thread context class loader jdk.internal.loader.ClassLoaders$AppClassLoader@2e5c649
2021-08-04 14:12:25,394 INFO org.hibernate.jpa.internal.util.LogHelper [main] HHH000204: Processing PersistenceUnitInfo [name: default]
2021-08-04 14:12:25,438 INFO org.hibernate.Version [main] HHH000412: Hibernate ORM core version 5.4.32.Final
2021-08-04 14:12:25,556 INFO org.hibernate.annotations.common.Version [main] HCANN000001: Hibernate Commons Annotations {5.1.2.Final}
2021-08-04 14:12:25,696 DEBUG com.zaxxer.hikari.HikariConfig [main] HikariPoolBooks - configuration:
2021-08-04 14:12:25,697 DEBUG com.zaxxer.hikari.HikariConfig [main] allowPoolSuspension................................false
2021-08-04 14:12:25,698 DEBUG com.zaxxer.hikari.HikariConfig [main] autoCommit................................true
2021-08-04 14:12:25,698 DEBUG com.zaxxer.hikari.HikariConfig [main] catalog................................none
2021-08-04 14:12:25,698 DEBUG com.zaxxer.hikari.HikariConfig [main] connectionInitSql................................none
2021-08-04 14:12:25,698 DEBUG com.zaxxer.hikari.HikariConfig [main] connectionTestQuery................................none
2021-08-04 14:12:25,698 DEBUG com.zaxxer.hikari.HikariConfig [main] connectionTimeout................................30000
2021-08-04 14:12:25,698 DEBUG com.zaxxer.hikari.HikariConfig [main] dataSource................................none
2021-08-04 14:12:25,698 DEBUG com.zaxxer.hikari.HikariConfig [main] dataSourceClassName................................none
2021-08-04 14:12:25,698 DEBUG com.zaxxer.hikari.HikariConfig [main] dataSourceJNDI................................none
2021-08-04 14:12:25,699 DEBUG com.zaxxer.hikari.HikariConfig [main] dataSourceProperties................................{password=<masked>}
2021-08-04 14:12:25,699 DEBUG com.zaxxer.hikari.HikariConfig [main] driverClassName................................"oracle.jdbc.OracleDriver"
2021-08-04 14:12:25,699 DEBUG com.zaxxer.hikari.HikariConfig [main] exceptionOverrideClassName................................none
2021-08-04 14:12:25,699 DEBUG com.zaxxer.hikari.HikariConfig [main] healthCheckProperties................................{}
2021-08-04 14:12:25,700 DEBUG com.zaxxer.hikari.HikariConfig [main] healthCheckRegistry................................none
2021-08-04 14:12:25,700 DEBUG com.zaxxer.hikari.HikariConfig [main] idleTimeout................................30000
2021-08-04 14:12:25,700 DEBUG com.zaxxer.hikari.HikariConfig [main] initializationFailTimeout................................1
2021-08-04 14:12:25,700 DEBUG com.zaxxer.hikari.HikariConfig [main] isolateInternalQueries................................false
2021-08-04 14:12:25,700 DEBUG com.zaxxer.hikari.HikariConfig [main] jdbcUrl................................jdbc:oracle:thin:@//localhost:1521/XE
2021-08-04 14:12:25,701 DEBUG com.zaxxer.hikari.HikariConfig [main] keepaliveTime................................0
2021-08-04 14:12:25,701 DEBUG com.zaxxer.hikari.HikariConfig [main] leakDetectionThreshold................................0
2021-08-04 14:12:25,701 DEBUG com.zaxxer.hikari.HikariConfig [main] maxLifetime................................2000000
2021-08-04 14:12:25,701 DEBUG com.zaxxer.hikari.HikariConfig [main] maximumPoolSize................................20
2021-08-04 14:12:25,701 DEBUG com.zaxxer.hikari.HikariConfig [main] metricRegistry................................none
2021-08-04 14:12:25,701 DEBUG com.zaxxer.hikari.HikariConfig [main] metricsTrackerFactory................................none
2021-08-04 14:12:25,701 DEBUG com.zaxxer.hikari.HikariConfig [main] minimumIdle................................5
2021-08-04 14:12:25,701 DEBUG com.zaxxer.hikari.HikariConfig [main] password................................<masked>
2021-08-04 14:12:25,702 DEBUG com.zaxxer.hikari.HikariConfig [main] poolName................................"HikariPoolBooks"
2021-08-04 14:12:25,702 DEBUG com.zaxxer.hikari.HikariConfig [main] readOnly................................false
2021-08-04 14:12:25,702 DEBUG com.zaxxer.hikari.HikariConfig [main] registerMbeans................................false
2021-08-04 14:12:25,702 DEBUG com.zaxxer.hikari.HikariConfig [main] scheduledExecutor................................none
2021-08-04 14:12:25,702 DEBUG com.zaxxer.hikari.HikariConfig [main] schema................................none
2021-08-04 14:12:25,702 DEBUG com.zaxxer.hikari.HikariConfig [main] threadFactory................................internal
2021-08-04 14:12:25,702 DEBUG com.zaxxer.hikari.HikariConfig [main] transactionIsolation................................default
2021-08-04 14:12:25,702 DEBUG com.zaxxer.hikari.HikariConfig [main] username................................"system"
2021-08-04 14:12:25,702 DEBUG com.zaxxer.hikari.HikariConfig [main] validationTimeout................................5000
2021-08-04 14:12:25,703 INFO com.zaxxer.hikari.HikariDataSource [main] HikariPoolBooks - Starting...
2021-08-04 14:12:28,252 DEBUG com.zaxxer.hikari.pool.HikariPool [main] HikariPoolBooks - Added connection oracle.jdbc.driver.T4CConnection@f1b0658
2021-08-04 14:12:28,256 INFO com.zaxxer.hikari.HikariDataSource [main] HikariPoolBooks - Start completed.
2021-08-04 14:12:28,288 INFO org.hibernate.dialect.Dialect [main] HHH000400: Using dialect: org.hibernate.dialect.Oracle12cDialect
2021-08-04 14:12:28,357 DEBUG com.zaxxer.hikari.pool.HikariPool [HikariPoolBooks housekeeper] HikariPoolBooks - Before cleanup stats (total=1, active=1, idle=0, waiting=0)
2021-08-04 14:12:28,357 DEBUG com.zaxxer.hikari.pool.HikariPool [HikariPoolBooks housekeeper] HikariPoolBooks - After cleanup  stats (total=1, active=1, idle=0, waiting=0)
2021-08-04 14:12:28,445 DEBUG com.zaxxer.hikari.pool.HikariPool [HikariPoolBooks connection adder] HikariPoolBooks - Added connection oracle.jdbc.driver.T4CConnection@525b3828
2021-08-04 14:12:28,489 DEBUG com.zaxxer.hikari.pool.HikariPool [HikariPoolBooks connection adder] HikariPoolBooks - Added connection oracle.jdbc.driver.T4CConnection@292ec731
2021-08-04 14:12:28,513 DEBUG com.zaxxer.hikari.pool.HikariPool [HikariPoolBooks connection adder] HikariPoolBooks - Added connection oracle.jdbc.driver.T4CConnection@519d8bd6
2021-08-04 14:12:28,538 DEBUG com.zaxxer.hikari.pool.HikariPool [HikariPoolBooks connection adder] HikariPoolBooks - Added connection oracle.jdbc.driver.T4CConnection@2c018b4b
2021-08-04 14:12:28,664 DEBUG com.zaxxer.hikari.pool.HikariPool [HikariPoolBooks connection adder] HikariPoolBooks - Added connection oracle.jdbc.driver.T4CConnection@4a99458e
2021-08-04 14:12:28,664 DEBUG com.zaxxer.hikari.pool.HikariPool [HikariPoolBooks connection adder] HikariPoolBooks - After adding stats (total=6, active=1, idle=5, waiting=0)
2021-08-04 14:12:36,327 INFO org.hibernate.engine.transaction.jta.platform.internal.JtaPlatformInitiator [main] HHH000490: Using JtaPlatform implementation: [org.hibernate.engine.transaction.jta.platform.internal.NoJtaPlatform]
2021-08-04 14:12:36,340 INFO org.springframework.orm.jpa.LocalContainerEntityManagerFactoryBean [main] Initialized JPA EntityManagerFactory for persistence unit 'default'
2021-08-04 14:12:37,136 WARN org.springframework.boot.autoconfigure.orm.jpa.JpaBaseConfiguration$JpaWebConfiguration [main] spring.jpa.open-in-view is enabled by default. Therefore, database queries may be performed during view rendering. Explicitly configure spring.jpa.open-in-view to disable this warning
2021-08-04 14:12:37,965 INFO org.apache.coyote.http11.Http11NioProtocol [main] Starting ProtocolHandler ["http-nio-9090"]
2021-08-04 14:12:38,001 INFO org.springframework.boot.web.embedded.tomcat.TomcatWebServer [main] Tomcat started on port(s): 9090 (http) with context path ''
2021-08-04 14:12:38,263 INFO com.SpringBootJpa1Application [main] Started SpringBootJpa1Application in 20.029 seconds (JVM running for 21.618)
2021-08-04 14:12:58,359 DEBUG com.zaxxer.hikari.pool.HikariPool [HikariPoolBooks housekeeper] HikariPoolBooks - Before cleanup stats (total=6, active=0, idle=6, waiting=0)
2021-08-04 14:12:58,360 DEBUG com.zaxxer.hikari.pool.HikariPool [HikariPoolBooks housekeeper] HikariPoolBooks - After cleanup  stats (total=6, active=0, idle=6, waiting=0)
2021-08-04 14:12:58,360 DEBUG com.zaxxer.hikari.pool.HikariPool [HikariPoolBooks housekeeper] HikariPoolBooks - Fill pool skipped, pool is at sufficient level.
2021-08-04 14:13:06,477 INFO org.apache.catalina.core.ContainerBase.[Tomcat].[localhost].[/] [http-nio-9090-exec-1] Initializing Spring DispatcherServlet 'dispatcherServlet'
2021-08-04 14:13:06,477 INFO org.springframework.web.servlet.DispatcherServlet [http-nio-9090-exec-1] Initializing Servlet 'dispatcherServlet'
2021-08-04 14:13:06,481 INFO org.springframework.web.servlet.DispatcherServlet [http-nio-9090-exec-1] Completed initialization in 3 ms
2021-08-04 14:13:28,362 DEBUG com.zaxxer.hikari.pool.HikariPool [HikariPoolBooks housekeeper] HikariPoolBooks - Before cleanup stats (total=6, active=0, idle=6, waiting=0)
2021-08-04 14:13:28,363 DEBUG com.zaxxer.hikari.pool.HikariPool [HikariPoolBooks housekeeper] HikariPoolBooks - After cleanup  stats (total=5, active=0, idle=5, waiting=0)
2021-08-04 14:13:28,363 DEBUG com.zaxxer.hikari.pool.HikariPool [HikariPoolBooks housekeeper] HikariPoolBooks - Fill pool skipped, pool is at sufficient level.
2021-08-04 14:13:28,363 DEBUG com.zaxxer.hikari.pool.PoolBase [HikariPoolBooks connection closer] HikariPoolBooks - Closing connection oracle.jdbc.driver.T4CConnection@4a99458e: (connection has passed idleTimeout)
2021-08-04 14:13:28,417 DEBUG com.zaxxer.hikari.pool.HikariPool [HikariPoolBooks connection closer] HikariPoolBooks - Fill pool skipped, pool is at sufficient level.
2021-08-04 14:13:58,364 DEBUG com.zaxxer.hikari.pool.HikariPool [HikariPoolBooks housekeeper] HikariPoolBooks - Before cleanup stats (total=5, active=0, idle=5, waiting=0)
2021-08-04 14:13:58,364 DEBUG com.zaxxer.hikari.pool.HikariPool [HikariPoolBooks housekeeper] HikariPoolBooks - After cleanup  stats (total=5, active=0, idle=5, waiting=0)
2021-08-04 14:13:58,364 DEBUG com.zaxxer.hikari.pool.HikariPool [HikariPoolBooks housekeeper] HikariPoolBooks - Fill pool skipped, pool is at sufficient level.
2021-08-04 14:14:28,366 DEBUG com.zaxxer.hikari.pool.HikariPool [HikariPoolBooks housekeeper] HikariPoolBooks - Before cleanup stats (total=5, active=0, idle=5, waiting=0)
2021-08-04 14:14:28,367 DEBUG com.zaxxer.hikari.pool.HikariPool [HikariPoolBooks housekeeper] HikariPoolBooks - After cleanup  stats (total=5, active=0, idle=5, waiting=0)
2021-08-04 14:14:28,367 DEBUG com.zaxxer.hikari.pool.HikariPool [HikariPoolBooks housekeeper] HikariPoolBooks - Fill pool skipped, pool is at sufficient level.
2021-08-04 14:14:58,369 DEBUG com.zaxxer.hikari.pool.HikariPool [HikariPoolBooks housekeeper] HikariPoolBooks - Before cleanup stats (total=5, active=0, idle=5, waiting=0)
2021-08-04 14:14:58,369 DEBUG com.zaxxer.hikari.pool.HikariPool [HikariPoolBooks housekeeper] HikariPoolBooks - After cleanup  stats (total=5, active=0, idle=5, waiting=0)
2021-08-04 14:14:58,369 DEBUG com.zaxxer.hikari.pool.HikariPool [HikariPoolBooks housekeeper] HikariPoolBooks - Fill pool skipped, pool is at sufficient level.
2021-08-04 14:15:28,371 DEBUG com.zaxxer.hikari.pool.HikariPool [HikariPoolBooks housekeeper] HikariPoolBooks - Before cleanup stats (total=5, active=0, idle=5, waiting=0)
2021-08-04 14:15:28,371 DEBUG com.zaxxer.hikari.pool.HikariPool [HikariPoolBooks housekeeper] HikariPoolBooks - After cleanup  stats (total=5, active=0, idle=5, waiting=0)
2021-08-04 14:15:28,371 DEBUG com.zaxxer.hikari.pool.HikariPool [HikariPoolBooks housekeeper] HikariPoolBooks - Fill pool skipped, pool is at sufficient level.
2021-08-04 14:15:58,373 DEBUG com.zaxxer.hikari.pool.HikariPool [HikariPoolBooks housekeeper] HikariPoolBooks - Before cleanup stats (total=5, active=0, idle=5, waiting=0)
2021-08-04 14:15:58,373 DEBUG com.zaxxer.hikari.pool.HikariPool [HikariPoolBooks housekeeper] HikariPoolBooks - After cleanup  stats (total=5, active=0, idle=5, waiting=0)
2021-08-04 14:15:58,374 DEBUG com.zaxxer.hikari.pool.HikariPool [HikariPoolBooks housekeeper] HikariPoolBooks - Fill pool skipped, pool is at sufficient level.
2021-08-04 14:16:28,375 DEBUG com.zaxxer.hikari.pool.HikariPool [HikariPoolBooks housekeeper] HikariPoolBooks - Before cleanup stats (total=5, active=0, idle=5, waiting=0)
2021-08-04 14:16:28,375 DEBUG com.zaxxer.hikari.pool.HikariPool [HikariPoolBooks housekeeper] HikariPoolBooks - After cleanup  stats (total=5, active=0, idle=5, waiting=0)
2021-08-04 14:16:28,375 DEBUG com.zaxxer.hikari.pool.HikariPool [HikariPoolBooks housekeeper] HikariPoolBooks - Fill pool skipped, pool is at sufficient level.
2021-08-04 14:16:58,376 DEBUG com.zaxxer.hikari.pool.HikariPool [HikariPoolBooks housekeeper] HikariPoolBooks - Before cleanup stats (total=5, active=0, idle=5, waiting=0)
2021-08-04 14:16:58,376 DEBUG com.zaxxer.hikari.pool.HikariPool [HikariPoolBooks housekeeper] HikariPoolBooks - After cleanup  stats (total=5, active=0, idle=5, waiting=0)
2021-08-04 14:16:58,377 DEBUG com.zaxxer.hikari.pool.HikariPool [HikariPoolBooks housekeeper] HikariPoolBooks - Fill pool skipped, pool is at sufficient level.
2021-08-04 14:17:28,378 DEBUG com.zaxxer.hikari.pool.HikariPool [HikariPoolBooks housekeeper] HikariPoolBooks - Before cleanup stats (total=5, active=0, idle=5, waiting=0)
2021-08-04 14:17:28,378 DEBUG com.zaxxer.hikari.pool.HikariPool [HikariPoolBooks housekeeper] HikariPoolBooks - After cleanup  stats (total=5, active=0, idle=5, waiting=0)
2021-08-04 14:17:28,378 DEBUG com.zaxxer.hikari.pool.HikariPool [HikariPoolBooks housekeeper] HikariPoolBooks - Fill pool skipped, pool is at sufficient level.
2021-08-04 14:17:58,381 DEBUG com.zaxxer.hikari.pool.HikariPool [HikariPoolBooks housekeeper] HikariPoolBooks - Before cleanup stats (total=5, active=0, idle=5, waiting=0)
2021-08-04 14:17:58,381 DEBUG com.zaxxer.hikari.pool.HikariPool [HikariPoolBooks housekeeper] HikariPoolBooks - After cleanup  stats (total=5, active=0, idle=5, waiting=0)
2021-08-04 14:17:58,382 DEBUG com.zaxxer.hikari.pool.HikariPool [HikariPoolBooks housekeeper] HikariPoolBooks - Fill pool skipped, pool is at sufficient level.
2021-08-04 14:18:28,383 DEBUG com.zaxxer.hikari.pool.HikariPool [HikariPoolBooks housekeeper] HikariPoolBooks - Before cleanup stats (total=5, active=0, idle=5, waiting=0)
2021-08-04 14:18:28,383 DEBUG com.zaxxer.hikari.pool.HikariPool [HikariPoolBooks housekeeper] HikariPoolBooks - After cleanup  stats (total=5, active=0, idle=5, waiting=0)
2021-08-04 14:18:28,383 DEBUG com.zaxxer.hikari.pool.HikariPool [HikariPoolBooks housekeeper] HikariPoolBooks - Fill pool skipped, pool is at sufficient level.
2021-08-04 14:18:58,383 DEBUG com.zaxxer.hikari.pool.HikariPool [HikariPoolBooks housekeeper] HikariPoolBooks - Before cleanup stats (total=5, active=0, idle=5, waiting=0)
2021-08-04 14:18:58,384 DEBUG com.zaxxer.hikari.pool.HikariPool [HikariPoolBooks housekeeper] HikariPoolBooks - After cleanup  stats (total=5, active=0, idle=5, waiting=0)
2021-08-04 14:18:58,384 DEBUG com.zaxxer.hikari.pool.HikariPool [HikariPoolBooks housekeeper] HikariPoolBooks - Fill pool skipped, pool is at sufficient level.
2021-08-04 14:19:28,386 DEBUG com.zaxxer.hikari.pool.HikariPool [HikariPoolBooks housekeeper] HikariPoolBooks - Before cleanup stats (total=5, active=0, idle=5, waiting=0)
2021-08-04 14:19:28,386 DEBUG com.zaxxer.hikari.pool.HikariPool [HikariPoolBooks housekeeper] HikariPoolBooks - After cleanup  stats (total=5, active=0, idle=5, waiting=0)
2021-08-04 14:19:28,386 DEBUG com.zaxxer.hikari.pool.HikariPool [HikariPoolBooks housekeeper] HikariPoolBooks - Fill pool skipped, pool is at sufficient level.
2021-08-04 14:19:58,387 DEBUG com.zaxxer.hikari.pool.HikariPool [HikariPoolBooks housekeeper] HikariPoolBooks - Before cleanup stats (total=5, active=0, idle=5, waiting=0)
2021-08-04 14:19:58,387 DEBUG com.zaxxer.hikari.pool.HikariPool [HikariPoolBooks housekeeper] HikariPoolBooks - After cleanup  stats (total=5, active=0, idle=5, waiting=0)
2021-08-04 14:19:58,387 DEBUG com.zaxxer.hikari.pool.HikariPool [HikariPoolBooks housekeeper] HikariPoolBooks - Fill pool skipped, pool is at sufficient level.
2021-08-04 14:20:28,388 DEBUG com.zaxxer.hikari.pool.HikariPool [HikariPoolBooks housekeeper] HikariPoolBooks - Before cleanup stats (total=5, active=0, idle=5, waiting=0)
2021-08-04 14:20:28,388 DEBUG com.zaxxer.hikari.pool.HikariPool [HikariPoolBooks housekeeper] HikariPoolBooks - After cleanup  stats (total=5, active=0, idle=5, waiting=0)
2021-08-04 14:20:28,388 DEBUG com.zaxxer.hikari.pool.HikariPool [HikariPoolBooks housekeeper] HikariPoolBooks - Fill pool skipped, pool is at sufficient level.
2021-08-04 14:20:58,389 DEBUG com.zaxxer.hikari.pool.HikariPool [HikariPoolBooks housekeeper] HikariPoolBooks - Before cleanup stats (total=5, active=0, idle=5, waiting=0)
2021-08-04 14:20:58,389 DEBUG com.zaxxer.hikari.pool.HikariPool [HikariPoolBooks housekeeper] HikariPoolBooks - After cleanup  stats (total=5, active=0, idle=5, waiting=0)
2021-08-04 14:20:58,390 DEBUG com.zaxxer.hikari.pool.HikariPool [HikariPoolBooks housekeeper] HikariPoolBooks - Fill pool skipped, pool is at sufficient level.
2021-08-04 14:21:28,393 DEBUG com.zaxxer.hikari.pool.HikariPool [HikariPoolBooks housekeeper] HikariPoolBooks - Before cleanup stats (total=5, active=0, idle=5, waiting=0)
2021-08-04 14:21:28,394 DEBUG com.zaxxer.hikari.pool.HikariPool [HikariPoolBooks housekeeper] HikariPoolBooks - After cleanup  stats (total=5, active=0, idle=5, waiting=0)
2021-08-04 14:21:28,394 DEBUG com.zaxxer.hikari.pool.HikariPool [HikariPoolBooks housekeeper] HikariPoolBooks - Fill pool skipped, pool is at sufficient level.
2021-08-04 14:21:58,396 DEBUG com.zaxxer.hikari.pool.HikariPool [HikariPoolBooks housekeeper] HikariPoolBooks - Before cleanup stats (total=5, active=0, idle=5, waiting=0)
2021-08-04 14:21:58,396 DEBUG com.zaxxer.hikari.pool.HikariPool [HikariPoolBooks housekeeper] HikariPoolBooks - After cleanup  stats (total=5, active=0, idle=5, waiting=0)
2021-08-04 14:21:58,396 DEBUG com.zaxxer.hikari.pool.HikariPool [HikariPoolBooks housekeeper] HikariPoolBooks - Fill pool skipped, pool is at sufficient level.
2021-08-04 14:22:28,399 DEBUG com.zaxxer.hikari.pool.HikariPool [HikariPoolBooks housekeeper] HikariPoolBooks - Before cleanup stats (total=5, active=0, idle=5, waiting=0)
2021-08-04 14:22:28,399 DEBUG com.zaxxer.hikari.pool.HikariPool [HikariPoolBooks housekeeper] HikariPoolBooks - After cleanup  stats (total=5, active=0, idle=5, waiting=0)
2021-08-04 14:22:28,399 DEBUG com.zaxxer.hikari.pool.HikariPool [HikariPoolBooks housekeeper] HikariPoolBooks - Fill pool skipped, pool is at sufficient level.
2021-08-04 14:22:58,400 DEBUG com.zaxxer.hikari.pool.HikariPool [HikariPoolBooks housekeeper] HikariPoolBooks - Before cleanup stats (total=5, active=0, idle=5, waiting=0)
2021-08-04 14:22:58,401 DEBUG com.zaxxer.hikari.pool.HikariPool [HikariPoolBooks housekeeper] HikariPoolBooks - After cleanup  stats (total=5, active=0, idle=5, waiting=0)
2021-08-04 14:22:58,401 DEBUG com.zaxxer.hikari.pool.HikariPool [HikariPoolBooks housekeeper] HikariPoolBooks - Fill pool skipped, pool is at sufficient level.
2021-08-04 14:23:28,402 DEBUG com.zaxxer.hikari.pool.HikariPool [HikariPoolBooks housekeeper] HikariPoolBooks - Before cleanup stats (total=5, active=0, idle=5, waiting=0)
2021-08-04 14:23:28,402 DEBUG com.zaxxer.hikari.pool.HikariPool [HikariPoolBooks housekeeper] HikariPoolBooks - After cleanup  stats (total=5, active=0, idle=5, waiting=0)
2021-08-04 14:23:28,403 DEBUG com.zaxxer.hikari.pool.HikariPool [HikariPoolBooks housekeeper] HikariPoolBooks - Fill pool skipped, pool is at sufficient level.
2021-08-04 14:23:58,404 DEBUG com.zaxxer.hikari.pool.HikariPool [HikariPoolBooks housekeeper] HikariPoolBooks - Before cleanup stats (total=5, active=0, idle=5, waiting=0)
2021-08-04 14:23:58,404 DEBUG com.zaxxer.hikari.pool.HikariPool [HikariPoolBooks housekeeper] HikariPoolBooks - After cleanup  stats (total=5, active=0, idle=5, waiting=0)
2021-08-04 14:23:58,404 DEBUG com.zaxxer.hikari.pool.HikariPool [HikariPoolBooks housekeeper] HikariPoolBooks - Fill pool skipped, pool is at sufficient level.
2021-08-04 14:24:28,405 DEBUG com.zaxxer.hikari.pool.HikariPool [HikariPoolBooks housekeeper] HikariPoolBooks - Before cleanup stats (total=5, active=0, idle=5, waiting=0)
2021-08-04 14:24:28,405 DEBUG com.zaxxer.hikari.pool.HikariPool [HikariPoolBooks housekeeper] HikariPoolBooks - After cleanup  stats (total=5, active=0, idle=5, waiting=0)
2021-08-04 14:24:28,405 DEBUG com.zaxxer.hikari.pool.HikariPool [HikariPoolBooks housekeeper] HikariPoolBooks - Fill pool skipped, pool is at sufficient level.
2021-08-04 14:24:58,408 DEBUG com.zaxxer.hikari.pool.HikariPool [HikariPoolBooks housekeeper] HikariPoolBooks - Before cleanup stats (total=5, active=0, idle=5, waiting=0)
2021-08-04 14:24:58,408 DEBUG com.zaxxer.hikari.pool.HikariPool [HikariPoolBooks housekeeper] HikariPoolBooks - After cleanup  stats (total=5, active=0, idle=5, waiting=0)
2021-08-04 14:24:58,408 DEBUG com.zaxxer.hikari.pool.HikariPool [HikariPoolBooks housekeeper] HikariPoolBooks - Fill pool skipped, pool is at sufficient level.
2021-08-04 14:25:28,410 DEBUG com.zaxxer.hikari.pool.HikariPool [HikariPoolBooks housekeeper] HikariPoolBooks - Before cleanup stats (total=5, active=0, idle=5, waiting=0)
2021-08-04 14:25:28,410 DEBUG com.zaxxer.hikari.pool.HikariPool [HikariPoolBooks housekeeper] HikariPoolBooks - After cleanup  stats (total=5, active=0, idle=5, waiting=0)
2021-08-04 14:25:28,410 DEBUG com.zaxxer.hikari.pool.HikariPool [HikariPoolBooks housekeeper] HikariPoolBooks - Fill pool skipped, pool is at sufficient level.
2021-08-04 14:25:58,412 DEBUG com.zaxxer.hikari.pool.HikariPool [HikariPoolBooks housekeeper] HikariPoolBooks - Before cleanup stats (total=5, active=0, idle=5, waiting=0)
2021-08-04 14:25:58,412 DEBUG com.zaxxer.hikari.pool.HikariPool [HikariPoolBooks housekeeper] HikariPoolBooks - After cleanup  stats (total=5, active=0, idle=5, waiting=0)
2021-08-04 14:25:58,412 DEBUG com.zaxxer.hikari.pool.HikariPool [HikariPoolBooks housekeeper] HikariPoolBooks - Fill pool skipped, pool is at sufficient level.
2021-08-04 14:26:28,414 DEBUG com.zaxxer.hikari.pool.HikariPool [HikariPoolBooks housekeeper] HikariPoolBooks - Before cleanup stats (total=5, active=0, idle=5, waiting=0)
2021-08-04 14:26:28,414 DEBUG com.zaxxer.hikari.pool.HikariPool [HikariPoolBooks housekeeper] HikariPoolBooks - After cleanup  stats (total=5, active=0, idle=5, waiting=0)
2021-08-04 14:26:28,414 DEBUG com.zaxxer.hikari.pool.HikariPool [HikariPoolBooks housekeeper] HikariPoolBooks - Fill pool skipped, pool is at sufficient level.
2021-08-04 14:26:58,416 DEBUG com.zaxxer.hikari.pool.HikariPool [HikariPoolBooks housekeeper] HikariPoolBooks - Before cleanup stats (total=5, active=0, idle=5, waiting=0)
2021-08-04 14:26:58,417 DEBUG com.zaxxer.hikari.pool.HikariPool [HikariPoolBooks housekeeper] HikariPoolBooks - After cleanup  stats (total=5, active=0, idle=5, waiting=0)
2021-08-04 14:26:58,417 DEBUG com.zaxxer.hikari.pool.HikariPool [HikariPoolBooks housekeeper] HikariPoolBooks - Fill pool skipped, pool is at sufficient level.
2021-08-04 14:27:28,418 DEBUG com.zaxxer.hikari.pool.HikariPool [HikariPoolBooks housekeeper] HikariPoolBooks - Before cleanup stats (total=5, active=0, idle=5, waiting=0)
2021-08-04 14:27:28,418 DEBUG com.zaxxer.hikari.pool.HikariPool [HikariPoolBooks housekeeper] HikariPoolBooks - After cleanup  stats (total=5, active=0, idle=5, waiting=0)
2021-08-04 14:27:28,418 DEBUG com.zaxxer.hikari.pool.HikariPool [HikariPoolBooks housekeeper] HikariPoolBooks - Fill pool skipped, pool is at sufficient level.
2021-08-04 14:27:58,420 DEBUG com.zaxxer.hikari.pool.HikariPool [HikariPoolBooks housekeeper] HikariPoolBooks - Before cleanup stats (total=5, active=0, idle=5, waiting=0)
2021-08-04 14:27:58,420 DEBUG com.zaxxer.hikari.pool.HikariPool [HikariPoolBooks housekeeper] HikariPoolBooks - After cleanup  stats (total=5, active=0, idle=5, waiting=0)
2021-08-04 14:27:58,420 DEBUG com.zaxxer.hikari.pool.HikariPool [HikariPoolBooks housekeeper] HikariPoolBooks - Fill pool skipped, pool is at sufficient level.
2021-08-04 14:28:28,421 DEBUG com.zaxxer.hikari.pool.HikariPool [HikariPoolBooks housekeeper] HikariPoolBooks - Before cleanup stats (total=5, active=0, idle=5, waiting=0)
2021-08-04 14:28:28,421 DEBUG com.zaxxer.hikari.pool.HikariPool [HikariPoolBooks housekeeper] HikariPoolBooks - After cleanup  stats (total=5, active=0, idle=5, waiting=0)
2021-08-04 14:28:28,422 DEBUG com.zaxxer.hikari.pool.HikariPool [HikariPoolBooks housekeeper] HikariPoolBooks - Fill pool skipped, pool is at sufficient level.
2021-08-04 14:28:58,423 DEBUG com.zaxxer.hikari.pool.HikariPool [HikariPoolBooks housekeeper] HikariPoolBooks - Before cleanup stats (total=5, active=0, idle=5, waiting=0)
2021-08-04 14:28:58,423 DEBUG com.zaxxer.hikari.pool.HikariPool [HikariPoolBooks housekeeper] HikariPoolBooks - After cleanup  stats (total=5, active=0, idle=5, waiting=0)
2021-08-04 14:28:58,423 DEBUG com.zaxxer.hikari.pool.HikariPool [HikariPoolBooks housekeeper] HikariPoolBooks - Fill pool skipped, pool is at sufficient level.
2021-08-04 14:29:28,426 DEBUG com.zaxxer.hikari.pool.HikariPool [HikariPoolBooks housekeeper] HikariPoolBooks - Before cleanup stats (total=5, active=0, idle=5, waiting=0)
2021-08-04 14:29:28,426 DEBUG com.zaxxer.hikari.pool.HikariPool [HikariPoolBooks housekeeper] HikariPoolBooks - After cleanup  stats (total=5, active=0, idle=5, waiting=0)
2021-08-04 14:29:28,426 DEBUG com.zaxxer.hikari.pool.HikariPool [HikariPoolBooks housekeeper] HikariPoolBooks - Fill pool skipped, pool is at sufficient level.
2021-08-04 14:29:58,428 DEBUG com.zaxxer.hikari.pool.HikariPool [HikariPoolBooks housekeeper] HikariPoolBooks - Before cleanup stats (total=5, active=0, idle=5, waiting=0)
2021-08-04 14:29:58,428 DEBUG com.zaxxer.hikari.pool.HikariPool [HikariPoolBooks housekeeper] HikariPoolBooks - After cleanup  stats (total=5, active=0, idle=5, waiting=0)
2021-08-04 14:29:58,429 DEBUG com.zaxxer.hikari.pool.HikariPool [HikariPoolBooks housekeeper] HikariPoolBooks - Fill pool skipped, pool is at sufficient level.
2021-08-04 14:30:28,430 DEBUG com.zaxxer.hikari.pool.HikariPool [HikariPoolBooks housekeeper] HikariPoolBooks - Before cleanup stats (total=5, active=0, idle=5, waiting=0)
2021-08-04 14:30:28,430 DEBUG com.zaxxer.hikari.pool.HikariPool [HikariPoolBooks housekeeper] HikariPoolBooks - After cleanup  stats (total=5, active=0, idle=5, waiting=0)
2021-08-04 14:30:28,432 DEBUG com.zaxxer.hikari.pool.HikariPool [HikariPoolBooks housekeeper] HikariPoolBooks - Fill pool skipped, pool is at sufficient level.
2021-08-04 14:30:58,433 DEBUG com.zaxxer.hikari.pool.HikariPool [HikariPoolBooks housekeeper] HikariPoolBooks - Before cleanup stats (total=5, active=0, idle=5, waiting=0)
2021-08-04 14:30:58,433 DEBUG com.zaxxer.hikari.pool.HikariPool [HikariPoolBooks housekeeper] HikariPoolBooks - After cleanup  stats (total=5, active=0, idle=5, waiting=0)
2021-08-04 14:30:58,434 DEBUG com.zaxxer.hikari.pool.HikariPool [HikariPoolBooks housekeeper] HikariPoolBooks - Fill pool skipped, pool is at sufficient level.
2021-08-04 14:31:28,435 DEBUG com.zaxxer.hikari.pool.HikariPool [HikariPoolBooks housekeeper] HikariPoolBooks - Before cleanup stats (total=5, active=0, idle=5, waiting=0)
2021-08-04 14:31:28,435 DEBUG com.zaxxer.hikari.pool.HikariPool [HikariPoolBooks housekeeper] HikariPoolBooks - After cleanup  stats (total=5, active=0, idle=5, waiting=0)
2021-08-04 14:31:28,435 DEBUG com.zaxxer.hikari.pool.HikariPool [HikariPoolBooks housekeeper] HikariPoolBooks - Fill pool skipped, pool is at sufficient level.
2021-08-04 14:31:58,438 DEBUG com.zaxxer.hikari.pool.HikariPool [HikariPoolBooks housekeeper] HikariPoolBooks - Before cleanup stats (total=5, active=0, idle=5, waiting=0)
2021-08-04 14:31:58,438 DEBUG com.zaxxer.hikari.pool.HikariPool [HikariPoolBooks housekeeper] HikariPoolBooks - After cleanup  stats (total=5, active=0, idle=5, waiting=0)
2021-08-04 14:31:58,438 DEBUG com.zaxxer.hikari.pool.HikariPool [HikariPoolBooks housekeeper] HikariPoolBooks - Fill pool skipped, pool is at sufficient level.
2021-08-04 14:32:28,439 DEBUG com.zaxxer.hikari.pool.HikariPool [HikariPoolBooks housekeeper] HikariPoolBooks - Before cleanup stats (total=5, active=0, idle=5, waiting=0)
2021-08-04 14:32:28,440 DEBUG com.zaxxer.hikari.pool.HikariPool [HikariPoolBooks housekeeper] HikariPoolBooks - After cleanup  stats (total=5, active=0, idle=5, waiting=0)
2021-08-04 14:32:28,440 DEBUG com.zaxxer.hikari.pool.HikariPool [HikariPoolBooks housekeeper] HikariPoolBooks - Fill pool skipped, pool is at sufficient level.
2021-08-04 14:32:58,441 DEBUG com.zaxxer.hikari.pool.HikariPool [HikariPoolBooks housekeeper] HikariPoolBooks - Before cleanup stats (total=5, active=0, idle=5, waiting=0)
2021-08-04 14:32:58,442 DEBUG com.zaxxer.hikari.pool.HikariPool [HikariPoolBooks housekeeper] HikariPoolBooks - After cleanup  stats (total=5, active=0, idle=5, waiting=0)
2021-08-04 14:32:58,442 DEBUG com.zaxxer.hikari.pool.HikariPool [HikariPoolBooks housekeeper] HikariPoolBooks - Fill pool skipped, pool is at sufficient level.
2021-08-04 14:33:28,444 DEBUG com.zaxxer.hikari.pool.HikariPool [HikariPoolBooks housekeeper] HikariPoolBooks - Before cleanup stats (total=5, active=0, idle=5, waiting=0)
2021-08-04 14:33:28,444 DEBUG com.zaxxer.hikari.pool.HikariPool [HikariPoolBooks housekeeper] HikariPoolBooks - After cleanup  stats (total=5, active=0, idle=5, waiting=0)
2021-08-04 14:33:28,445 DEBUG com.zaxxer.hikari.pool.HikariPool [HikariPoolBooks housekeeper] HikariPoolBooks - Fill pool skipped, pool is at sufficient level.
2021-08-04 14:33:58,445 DEBUG com.zaxxer.hikari.pool.HikariPool [HikariPoolBooks housekeeper] HikariPoolBooks - Before cleanup stats (total=5, active=0, idle=5, waiting=0)
2021-08-04 14:33:58,445 DEBUG com.zaxxer.hikari.pool.HikariPool [HikariPoolBooks housekeeper] HikariPoolBooks - After cleanup  stats (total=5, active=0, idle=5, waiting=0)
2021-08-04 14:33:58,446 DEBUG com.zaxxer.hikari.pool.HikariPool [HikariPoolBooks housekeeper] HikariPoolBooks - Fill pool skipped, pool is at sufficient level.
2021-08-04 14:34:28,447 DEBUG com.zaxxer.hikari.pool.HikariPool [HikariPoolBooks housekeeper] HikariPoolBooks - Before cleanup stats (total=5, active=0, idle=5, waiting=0)
2021-08-04 14:34:28,447 DEBUG com.zaxxer.hikari.pool.HikariPool [HikariPoolBooks housekeeper] HikariPoolBooks - After cleanup  stats (total=5, active=0, idle=5, waiting=0)
2021-08-04 14:34:28,447 DEBUG com.zaxxer.hikari.pool.HikariPool [HikariPoolBooks housekeeper] HikariPoolBooks - Fill pool skipped, pool is at sufficient level.
2021-08-04 14:34:58,450 DEBUG com.zaxxer.hikari.pool.HikariPool [HikariPoolBooks housekeeper] HikariPoolBooks - Before cleanup stats (total=5, active=0, idle=5, waiting=0)
2021-08-04 14:34:58,450 DEBUG com.zaxxer.hikari.pool.HikariPool [HikariPoolBooks housekeeper] HikariPoolBooks - After cleanup  stats (total=5, active=0, idle=5, waiting=0)
2021-08-04 14:34:58,450 DEBUG com.zaxxer.hikari.pool.HikariPool [HikariPoolBooks housekeeper] HikariPoolBooks - Fill pool skipped, pool is at sufficient level.
2021-08-04 14:35:28,451 DEBUG com.zaxxer.hikari.pool.HikariPool [HikariPoolBooks housekeeper] HikariPoolBooks - Before cleanup stats (total=5, active=0, idle=5, waiting=0)
2021-08-04 14:35:28,451 DEBUG com.zaxxer.hikari.pool.HikariPool [HikariPoolBooks housekeeper] HikariPoolBooks - After cleanup  stats (total=5, active=0, idle=5, waiting=0)
2021-08-04 14:35:28,451 DEBUG com.zaxxer.hikari.pool.HikariPool [HikariPoolBooks housekeeper] HikariPoolBooks - Fill pool skipped, pool is at sufficient level.
2021-08-04 14:35:58,454 DEBUG com.zaxxer.hikari.pool.HikariPool [HikariPoolBooks housekeeper] HikariPoolBooks - Before cleanup stats (total=5, active=0, idle=5, waiting=0)
2021-08-04 14:35:58,454 DEBUG com.zaxxer.hikari.pool.HikariPool [HikariPoolBooks housekeeper] HikariPoolBooks - After cleanup  stats (total=5, active=0, idle=5, waiting=0)
2021-08-04 14:35:58,455 DEBUG com.zaxxer.hikari.pool.HikariPool [HikariPoolBooks housekeeper] HikariPoolBooks - Fill pool skipped, pool is at sufficient level.
2021-08-04 14:36:28,457 DEBUG com.zaxxer.hikari.pool.HikariPool [HikariPoolBooks housekeeper] HikariPoolBooks - Before cleanup stats (total=5, active=0, idle=5, waiting=0)
2021-08-04 14:36:28,457 DEBUG com.zaxxer.hikari.pool.HikariPool [HikariPoolBooks housekeeper] HikariPoolBooks - After cleanup  stats (total=5, active=0, idle=5, waiting=0)
2021-08-04 14:36:28,457 DEBUG com.zaxxer.hikari.pool.HikariPool [HikariPoolBooks housekeeper] HikariPoolBooks - Fill pool skipped, pool is at sufficient level.
2021-08-04 14:36:58,458 DEBUG com.zaxxer.hikari.pool.HikariPool [HikariPoolBooks housekeeper] HikariPoolBooks - Before cleanup stats (total=5, active=0, idle=5, waiting=0)
2021-08-04 14:36:58,458 DEBUG com.zaxxer.hikari.pool.HikariPool [HikariPoolBooks housekeeper] HikariPoolBooks - After cleanup  stats (total=5, active=0, idle=5, waiting=0)
2021-08-04 14:36:58,458 DEBUG com.zaxxer.hikari.pool.HikariPool [HikariPoolBooks housekeeper] HikariPoolBooks - Fill pool skipped, pool is at sufficient level.
2021-08-04 14:37:28,459 DEBUG com.zaxxer.hikari.pool.HikariPool [HikariPoolBooks housekeeper] HikariPoolBooks - Before cleanup stats (total=5, active=0, idle=5, waiting=0)
2021-08-04 14:37:28,459 DEBUG com.zaxxer.hikari.pool.HikariPool [HikariPoolBooks housekeeper] HikariPoolBooks - After cleanup  stats (total=5, active=0, idle=5, waiting=0)
2021-08-04 14:37:28,459 DEBUG com.zaxxer.hikari.pool.HikariPool [HikariPoolBooks housekeeper] HikariPoolBooks - Fill pool skipped, pool is at sufficient level.
2021-08-04 14:37:58,460 DEBUG com.zaxxer.hikari.pool.HikariPool [HikariPoolBooks housekeeper] HikariPoolBooks - Before cleanup stats (total=5, active=0, idle=5, waiting=0)
2021-08-04 14:37:58,460 DEBUG com.zaxxer.hikari.pool.HikariPool [HikariPoolBooks housekeeper] HikariPoolBooks - After cleanup  stats (total=5, active=0, idle=5, waiting=0)
2021-08-04 14:37:58,460 DEBUG com.zaxxer.hikari.pool.HikariPool [HikariPoolBooks housekeeper] HikariPoolBooks - Fill pool skipped, pool is at sufficient level.
2021-08-04 14:38:28,461 DEBUG com.zaxxer.hikari.pool.HikariPool [HikariPoolBooks housekeeper] HikariPoolBooks - Before cleanup stats (total=5, active=0, idle=5, waiting=0)
2021-08-04 14:38:28,461 DEBUG com.zaxxer.hikari.pool.HikariPool [HikariPoolBooks housekeeper] HikariPoolBooks - After cleanup  stats (total=5, active=0, idle=5, waiting=0)
2021-08-04 14:38:28,462 DEBUG com.zaxxer.hikari.pool.HikariPool [HikariPoolBooks housekeeper] HikariPoolBooks - Fill pool skipped, pool is at sufficient level.
2021-08-04 14:38:58,463 DEBUG com.zaxxer.hikari.pool.HikariPool [HikariPoolBooks housekeeper] HikariPoolBooks - Before cleanup stats (total=5, active=0, idle=5, waiting=0)
2021-08-04 14:38:58,463 DEBUG com.zaxxer.hikari.pool.HikariPool [HikariPoolBooks housekeeper] HikariPoolBooks - After cleanup  stats (total=5, active=0, idle=5, waiting=0)
2021-08-04 14:38:58,463 DEBUG com.zaxxer.hikari.pool.HikariPool [HikariPoolBooks housekeeper] HikariPoolBooks - Fill pool skipped, pool is at sufficient level.
2021-08-04 14:39:28,465 DEBUG com.zaxxer.hikari.pool.HikariPool [HikariPoolBooks housekeeper] HikariPoolBooks - Before cleanup stats (total=5, active=0, idle=5, waiting=0)
2021-08-04 14:39:28,465 DEBUG com.zaxxer.hikari.pool.HikariPool [HikariPoolBooks housekeeper] HikariPoolBooks - After cleanup  stats (total=5, active=0, idle=5, waiting=0)
2021-08-04 14:39:28,465 DEBUG com.zaxxer.hikari.pool.HikariPool [HikariPoolBooks housekeeper] HikariPoolBooks - Fill pool skipped, pool is at sufficient level.
2021-08-04 14:39:58,466 DEBUG com.zaxxer.hikari.pool.HikariPool [HikariPoolBooks housekeeper] HikariPoolBooks - Before cleanup stats (total=5, active=0, idle=5, waiting=0)
2021-08-04 14:39:58,466 DEBUG com.zaxxer.hikari.pool.HikariPool [HikariPoolBooks housekeeper] HikariPoolBooks - After cleanup  stats (total=5, active=0, idle=5, waiting=0)
2021-08-04 14:39:58,467 DEBUG com.zaxxer.hikari.pool.HikariPool [HikariPoolBooks housekeeper] HikariPoolBooks - Fill pool skipped, pool is at sufficient level.
2021-08-04 14:40:28,468 DEBUG com.zaxxer.hikari.pool.HikariPool [HikariPoolBooks housekeeper] HikariPoolBooks - Before cleanup stats (total=5, active=0, idle=5, waiting=0)
2021-08-04 14:40:28,468 DEBUG com.zaxxer.hikari.pool.HikariPool [HikariPoolBooks housekeeper] HikariPoolBooks - After cleanup  stats (total=5, active=0, idle=5, waiting=0)
2021-08-04 14:40:28,469 DEBUG com.zaxxer.hikari.pool.HikariPool [HikariPoolBooks housekeeper] HikariPoolBooks - Fill pool skipped, pool is at sufficient level.
2021-08-04 14:40:58,471 DEBUG com.zaxxer.hikari.pool.HikariPool [HikariPoolBooks housekeeper] HikariPoolBooks - Before cleanup stats (total=5, active=0, idle=5, waiting=0)
2021-08-04 14:40:58,471 DEBUG com.zaxxer.hikari.pool.HikariPool [HikariPoolBooks housekeeper] HikariPoolBooks - After cleanup  stats (total=5, active=0, idle=5, waiting=0)
2021-08-04 14:40:58,471 DEBUG com.zaxxer.hikari.pool.HikariPool [HikariPoolBooks housekeeper] HikariPoolBooks - Fill pool skipped, pool is at sufficient level.
2021-08-04 14:41:28,473 DEBUG com.zaxxer.hikari.pool.HikariPool [HikariPoolBooks housekeeper] HikariPoolBooks - Before cleanup stats (total=5, active=0, idle=5, waiting=0)
2021-08-04 14:41:28,473 DEBUG com.zaxxer.hikari.pool.HikariPool [HikariPoolBooks housekeeper] HikariPoolBooks - After cleanup  stats (total=5, active=0, idle=5, waiting=0)
2021-08-04 14:41:28,473 DEBUG com.zaxxer.hikari.pool.HikariPool [HikariPoolBooks housekeeper] HikariPoolBooks - Fill pool skipped, pool is at sufficient level.
2021-08-04 14:41:58,474 DEBUG com.zaxxer.hikari.pool.HikariPool [HikariPoolBooks housekeeper] HikariPoolBooks - Before cleanup stats (total=5, active=0, idle=5, waiting=0)
2021-08-04 14:41:58,474 DEBUG com.zaxxer.hikari.pool.HikariPool [HikariPoolBooks housekeeper] HikariPoolBooks - After cleanup  stats (total=5, active=0, idle=5, waiting=0)
2021-08-04 14:41:58,474 DEBUG com.zaxxer.hikari.pool.HikariPool [HikariPoolBooks housekeeper] HikariPoolBooks - Fill pool skipped, pool is at sufficient level.
2021-08-04 14:42:28,475 DEBUG com.zaxxer.hikari.pool.HikariPool [HikariPoolBooks housekeeper] HikariPoolBooks - Before cleanup stats (total=5, active=0, idle=5, waiting=0)
2021-08-04 14:42:28,475 DEBUG com.zaxxer.hikari.pool.HikariPool [HikariPoolBooks housekeeper] HikariPoolBooks - After cleanup  stats (total=5, active=0, idle=5, waiting=0)
2021-08-04 14:42:28,475 DEBUG com.zaxxer.hikari.pool.HikariPool [HikariPoolBooks housekeeper] HikariPoolBooks - Fill pool skipped, pool is at sufficient level.
2021-08-04 14:42:58,476 DEBUG com.zaxxer.hikari.pool.HikariPool [HikariPoolBooks housekeeper] HikariPoolBooks - Before cleanup stats (total=5, active=0, idle=5, waiting=0)
2021-08-04 14:42:58,476 DEBUG com.zaxxer.hikari.pool.HikariPool [HikariPoolBooks housekeeper] HikariPoolBooks - After cleanup  stats (total=5, active=0, idle=5, waiting=0)
2021-08-04 14:42:58,477 DEBUG com.zaxxer.hikari.pool.HikariPool [HikariPoolBooks housekeeper] HikariPoolBooks - Fill pool skipped, pool is at sufficient level.
2021-08-04 14:43:28,478 DEBUG com.zaxxer.hikari.pool.HikariPool [HikariPoolBooks housekeeper] HikariPoolBooks - Before cleanup stats (total=5, active=0, idle=5, waiting=0)
2021-08-04 14:43:28,479 DEBUG com.zaxxer.hikari.pool.HikariPool [HikariPoolBooks housekeeper] HikariPoolBooks - After cleanup  stats (total=5, active=0, idle=5, waiting=0)
2021-08-04 14:43:28,479 DEBUG com.zaxxer.hikari.pool.HikariPool [HikariPoolBooks housekeeper] HikariPoolBooks - Fill pool skipped, pool is at sufficient level.
2021-08-04 14:43:58,481 DEBUG com.zaxxer.hikari.pool.HikariPool [HikariPoolBooks housekeeper] HikariPoolBooks - Before cleanup stats (total=5, active=0, idle=5, waiting=0)
2021-08-04 14:43:58,481 DEBUG com.zaxxer.hikari.pool.HikariPool [HikariPoolBooks housekeeper] HikariPoolBooks - After cleanup  stats (total=5, active=0, idle=5, waiting=0)
2021-08-04 14:43:58,482 DEBUG com.zaxxer.hikari.pool.HikariPool [HikariPoolBooks housekeeper] HikariPoolBooks - Fill pool skipped, pool is at sufficient level.
2021-08-04 14:44:28,484 DEBUG com.zaxxer.hikari.pool.HikariPool [HikariPoolBooks housekeeper] HikariPoolBooks - Before cleanup stats (total=5, active=0, idle=5, waiting=0)
2021-08-04 14:44:28,484 DEBUG com.zaxxer.hikari.pool.HikariPool [HikariPoolBooks housekeeper] HikariPoolBooks - After cleanup  stats (total=5, active=0, idle=5, waiting=0)
2021-08-04 14:44:28,484 DEBUG com.zaxxer.hikari.pool.HikariPool [HikariPoolBooks housekeeper] HikariPoolBooks - Fill pool skipped, pool is at sufficient level.
2021-08-04 14:44:58,486 DEBUG com.zaxxer.hikari.pool.HikariPool [HikariPoolBooks housekeeper] HikariPoolBooks - Before cleanup stats (total=5, active=0, idle=5, waiting=0)
2021-08-04 14:44:58,486 DEBUG com.zaxxer.hikari.pool.HikariPool [HikariPoolBooks housekeeper] HikariPoolBooks - After cleanup  stats (total=5, active=0, idle=5, waiting=0)
2021-08-04 14:44:58,486 DEBUG com.zaxxer.hikari.pool.HikariPool [HikariPoolBooks housekeeper] HikariPoolBooks - Fill pool skipped, pool is at sufficient level.
2021-08-04 14:45:07,846 DEBUG com.zaxxer.hikari.pool.PoolBase [HikariPoolBooks connection closer] HikariPoolBooks - Closing connection oracle.jdbc.driver.T4CConnection@525b3828: (connection has passed maxLifetime)
2021-08-04 14:45:07,899 DEBUG com.zaxxer.hikari.pool.HikariPool [HikariPoolBooks connection adder] HikariPoolBooks - Added connection oracle.jdbc.driver.T4CConnection@9d53307
2021-08-04 14:45:09,969 DEBUG com.zaxxer.hikari.pool.PoolBase [HikariPoolBooks connection closer] HikariPoolBooks - Closing connection oracle.jdbc.driver.T4CConnection@2c018b4b: (connection has passed maxLifetime)
2021-08-04 14:45:10,037 DEBUG com.zaxxer.hikari.pool.HikariPool [HikariPoolBooks connection adder] HikariPoolBooks - Added connection oracle.jdbc.driver.T4CConnection@59073bd1
2021-08-04 14:45:20,937 DEBUG com.zaxxer.hikari.pool.PoolBase [HikariPoolBooks connection closer] HikariPoolBooks - Closing connection oracle.jdbc.driver.T4CConnection@f1b0658: (connection has passed maxLifetime)
2021-08-04 14:45:21,037 DEBUG com.zaxxer.hikari.pool.HikariPool [HikariPoolBooks connection adder] HikariPoolBooks - Added connection oracle.jdbc.driver.T4CConnection@71028de8
2021-08-04 14:45:27,920 DEBUG com.zaxxer.hikari.pool.PoolBase [HikariPoolBooks connection closer] HikariPoolBooks - Closing connection oracle.jdbc.driver.T4CConnection@519d8bd6: (connection has passed maxLifetime)
2021-08-04 14:45:27,955 DEBUG com.zaxxer.hikari.pool.HikariPool [HikariPoolBooks connection adder] HikariPoolBooks - Added connection oracle.jdbc.driver.T4CConnection@4aaf0596
2021-08-04 14:45:28,489 DEBUG com.zaxxer.hikari.pool.HikariPool [HikariPoolBooks housekeeper] HikariPoolBooks - Before cleanup stats (total=5, active=0, idle=5, waiting=0)
2021-08-04 14:45:28,489 DEBUG com.zaxxer.hikari.pool.HikariPool [HikariPoolBooks housekeeper] HikariPoolBooks - After cleanup  stats (total=5, active=0, idle=5, waiting=0)
2021-08-04 14:45:28,489 DEBUG com.zaxxer.hikari.pool.HikariPool [HikariPoolBooks housekeeper] HikariPoolBooks - Fill pool skipped, pool is at sufficient level.
2021-08-04 14:45:36,807 DEBUG com.zaxxer.hikari.pool.PoolBase [HikariPoolBooks connection closer] HikariPoolBooks - Closing connection oracle.jdbc.driver.T4CConnection@292ec731: (connection has passed maxLifetime)
2021-08-04 14:45:36,844 DEBUG com.zaxxer.hikari.pool.HikariPool [HikariPoolBooks connection adder] HikariPoolBooks - Added connection oracle.jdbc.driver.T4CConnection@6ed6251e
2021-08-04 14:45:58,490 DEBUG com.zaxxer.hikari.pool.HikariPool [HikariPoolBooks housekeeper] HikariPoolBooks - Before cleanup stats (total=5, active=0, idle=5, waiting=0)
2021-08-04 14:45:58,490 DEBUG com.zaxxer.hikari.pool.HikariPool [HikariPoolBooks housekeeper] HikariPoolBooks - After cleanup  stats (total=5, active=0, idle=5, waiting=0)
2021-08-04 14:45:58,490 DEBUG com.zaxxer.hikari.pool.HikariPool [HikariPoolBooks housekeeper] HikariPoolBooks - Fill pool skipped, pool is at sufficient level.
2021-08-04 14:46:28,493 DEBUG com.zaxxer.hikari.pool.HikariPool [HikariPoolBooks housekeeper] HikariPoolBooks - Before cleanup stats (total=5, active=0, idle=5, waiting=0)
2021-08-04 14:46:28,493 DEBUG com.zaxxer.hikari.pool.HikariPool [HikariPoolBooks housekeeper] HikariPoolBooks - After cleanup  stats (total=5, active=0, idle=5, waiting=0)
2021-08-04 14:46:28,493 DEBUG com.zaxxer.hikari.pool.HikariPool [HikariPoolBooks housekeeper] HikariPoolBooks - Fill pool skipped, pool is at sufficient level.
2021-08-04 14:46:58,494 DEBUG com.zaxxer.hikari.pool.HikariPool [HikariPoolBooks housekeeper] HikariPoolBooks - Before cleanup stats (total=5, active=0, idle=5, waiting=0)
2021-08-04 14:46:58,494 DEBUG com.zaxxer.hikari.pool.HikariPool [HikariPoolBooks housekeeper] HikariPoolBooks - After cleanup  stats (total=5, active=0, idle=5, waiting=0)
2021-08-04 14:46:58,494 DEBUG com.zaxxer.hikari.pool.HikariPool [HikariPoolBooks housekeeper] HikariPoolBooks - Fill pool skipped, pool is at sufficient level.
2021-08-04 14:47:28,495 DEBUG com.zaxxer.hikari.pool.HikariPool [HikariPoolBooks housekeeper] HikariPoolBooks - Before cleanup stats (total=5, active=0, idle=5, waiting=0)
2021-08-04 14:47:28,495 DEBUG com.zaxxer.hikari.pool.HikariPool [HikariPoolBooks housekeeper] HikariPoolBooks - After cleanup  stats (total=5, active=0, idle=5, waiting=0)
2021-08-04 14:47:28,495 DEBUG com.zaxxer.hikari.pool.HikariPool [HikariPoolBooks housekeeper] HikariPoolBooks - Fill pool skipped, pool is at sufficient level.
2021-08-04 14:47:58,498 DEBUG com.zaxxer.hikari.pool.HikariPool [HikariPoolBooks housekeeper] HikariPoolBooks - Before cleanup stats (total=5, active=0, idle=5, waiting=0)
2021-08-04 14:47:58,498 DEBUG com.zaxxer.hikari.pool.HikariPool [HikariPoolBooks housekeeper] HikariPoolBooks - After cleanup  stats (total=5, active=0, idle=5, waiting=0)
2021-08-04 14:47:58,498 DEBUG com.zaxxer.hikari.pool.HikariPool [HikariPoolBooks housekeeper] HikariPoolBooks - Fill pool skipped, pool is at sufficient level.
2021-08-04 14:48:28,498 DEBUG com.zaxxer.hikari.pool.HikariPool [HikariPoolBooks housekeeper] HikariPoolBooks - Before cleanup stats (total=5, active=0, idle=5, waiting=0)
2021-08-04 14:48:28,498 DEBUG com.zaxxer.hikari.pool.HikariPool [HikariPoolBooks housekeeper] HikariPoolBooks - After cleanup  stats (total=5, active=0, idle=5, waiting=0)
2021-08-04 14:48:28,498 DEBUG com.zaxxer.hikari.pool.HikariPool [HikariPoolBooks housekeeper] HikariPoolBooks - Fill pool skipped, pool is at sufficient level.
2021-08-04 14:48:58,501 DEBUG com.zaxxer.hikari.pool.HikariPool [HikariPoolBooks housekeeper] HikariPoolBooks - Before cleanup stats (total=5, active=0, idle=5, waiting=0)
2021-08-04 14:48:58,501 DEBUG com.zaxxer.hikari.pool.HikariPool [HikariPoolBooks housekeeper] HikariPoolBooks - After cleanup  stats (total=5, active=0, idle=5, waiting=0)
2021-08-04 14:48:58,501 DEBUG com.zaxxer.hikari.pool.HikariPool [HikariPoolBooks housekeeper] HikariPoolBooks - Fill pool skipped, pool is at sufficient level.
2021-08-04 14:49:28,503 DEBUG com.zaxxer.hikari.pool.HikariPool [HikariPoolBooks housekeeper] HikariPoolBooks - Before cleanup stats (total=5, active=0, idle=5, waiting=0)
2021-08-04 14:49:28,504 DEBUG com.zaxxer.hikari.pool.HikariPool [HikariPoolBooks housekeeper] HikariPoolBooks - After cleanup  stats (total=5, active=0, idle=5, waiting=0)
2021-08-04 14:49:28,504 DEBUG com.zaxxer.hikari.pool.HikariPool [HikariPoolBooks housekeeper] HikariPoolBooks - Fill pool skipped, pool is at sufficient level.
2021-08-04 14:49:58,505 DEBUG com.zaxxer.hikari.pool.HikariPool [HikariPoolBooks housekeeper] HikariPoolBooks - Before cleanup stats (total=5, active=0, idle=5, waiting=0)
2021-08-04 14:49:58,505 DEBUG com.zaxxer.hikari.pool.HikariPool [HikariPoolBooks housekeeper] HikariPoolBooks - After cleanup  stats (total=5, active=0, idle=5, waiting=0)
2021-08-04 14:49:58,505 DEBUG com.zaxxer.hikari.pool.HikariPool [HikariPoolBooks housekeeper] HikariPoolBooks - Fill pool skipped, pool is at sufficient level.
2021-08-04 14:50:28,508 DEBUG com.zaxxer.hikari.pool.HikariPool [HikariPoolBooks housekeeper] HikariPoolBooks - Before cleanup stats (total=5, active=0, idle=5, waiting=0)
2021-08-04 14:50:28,508 DEBUG com.zaxxer.hikari.pool.HikariPool [HikariPoolBooks housekeeper] HikariPoolBooks - After cleanup  stats (total=5, active=0, idle=5, waiting=0)
2021-08-04 14:50:28,509 DEBUG com.zaxxer.hikari.pool.HikariPool [HikariPoolBooks housekeeper] HikariPoolBooks - Fill pool skipped, pool is at sufficient level.
2021-08-04 14:50:58,510 DEBUG com.zaxxer.hikari.pool.HikariPool [HikariPoolBooks housekeeper] HikariPoolBooks - Before cleanup stats (total=5, active=0, idle=5, waiting=0)
2021-08-04 14:50:58,510 DEBUG com.zaxxer.hikari.pool.HikariPool [HikariPoolBooks housekeeper] HikariPoolBooks - After cleanup  stats (total=5, active=0, idle=5, waiting=0)
2021-08-04 14:50:58,511 DEBUG com.zaxxer.hikari.pool.HikariPool [HikariPoolBooks housekeeper] HikariPoolBooks - Fill pool skipped, pool is at sufficient level.
2021-08-04 14:51:28,513 DEBUG com.zaxxer.hikari.pool.HikariPool [HikariPoolBooks housekeeper] HikariPoolBooks - Before cleanup stats (total=5, active=0, idle=5, waiting=0)
2021-08-04 14:51:28,513 DEBUG com.zaxxer.hikari.pool.HikariPool [HikariPoolBooks housekeeper] HikariPoolBooks - After cleanup  stats (total=5, active=0, idle=5, waiting=0)
2021-08-04 14:51:28,513 DEBUG com.zaxxer.hikari.pool.HikariPool [HikariPoolBooks housekeeper] HikariPoolBooks - Fill pool skipped, pool is at sufficient level.
2021-08-04 14:51:58,515 DEBUG com.zaxxer.hikari.pool.HikariPool [HikariPoolBooks housekeeper] HikariPoolBooks - Before cleanup stats (total=5, active=0, idle=5, waiting=0)
2021-08-04 14:51:58,515 DEBUG com.zaxxer.hikari.pool.HikariPool [HikariPoolBooks housekeeper] HikariPoolBooks - After cleanup  stats (total=5, active=0, idle=5, waiting=0)
2021-08-04 14:51:58,516 DEBUG com.zaxxer.hikari.pool.HikariPool [HikariPoolBooks housekeeper] HikariPoolBooks - Fill pool skipped, pool is at sufficient level.
2021-08-04 14:52:28,517 DEBUG com.zaxxer.hikari.pool.HikariPool [HikariPoolBooks housekeeper] HikariPoolBooks - Before cleanup stats (total=5, active=0, idle=5, waiting=0)
2021-08-04 14:52:28,517 DEBUG com.zaxxer.hikari.pool.HikariPool [HikariPoolBooks housekeeper] HikariPoolBooks - After cleanup  stats (total=5, active=0, idle=5, waiting=0)
2021-08-04 14:52:28,517 DEBUG com.zaxxer.hikari.pool.HikariPool [HikariPoolBooks housekeeper] HikariPoolBooks - Fill pool skipped, pool is at sufficient level.
2021-08-04 14:52:58,520 DEBUG com.zaxxer.hikari.pool.HikariPool [HikariPoolBooks housekeeper] HikariPoolBooks - Before cleanup stats (total=5, active=0, idle=5, waiting=0)
2021-08-04 14:52:58,520 DEBUG com.zaxxer.hikari.pool.HikariPool [HikariPoolBooks housekeeper] HikariPoolBooks - After cleanup  stats (total=5, active=0, idle=5, waiting=0)
2021-08-04 14:52:58,521 DEBUG com.zaxxer.hikari.pool.HikariPool [HikariPoolBooks housekeeper] HikariPoolBooks - Fill pool skipped, pool is at sufficient level.
2021-08-04 14:53:28,522 DEBUG com.zaxxer.hikari.pool.HikariPool [HikariPoolBooks housekeeper] HikariPoolBooks - Before cleanup stats (total=5, active=0, idle=5, waiting=0)
2021-08-04 14:53:28,522 DEBUG com.zaxxer.hikari.pool.HikariPool [HikariPoolBooks housekeeper] HikariPoolBooks - After cleanup  stats (total=5, active=0, idle=5, waiting=0)
2021-08-04 14:53:28,522 DEBUG com.zaxxer.hikari.pool.HikariPool [HikariPoolBooks housekeeper] HikariPoolBooks - Fill pool skipped, pool is at sufficient level.
2021-08-04 14:53:58,524 DEBUG com.zaxxer.hikari.pool.HikariPool [HikariPoolBooks housekeeper] HikariPoolBooks - Before cleanup stats (total=5, active=0, idle=5, waiting=0)
2021-08-04 14:53:58,524 DEBUG com.zaxxer.hikari.pool.HikariPool [HikariPoolBooks housekeeper] HikariPoolBooks - After cleanup  stats (total=5, active=0, idle=5, waiting=0)
2021-08-04 14:53:58,524 DEBUG com.zaxxer.hikari.pool.HikariPool [HikariPoolBooks housekeeper] HikariPoolBooks - Fill pool skipped, pool is at sufficient level.
2021-08-04 14:54:28,527 DEBUG com.zaxxer.hikari.pool.HikariPool [HikariPoolBooks housekeeper] HikariPoolBooks - Before cleanup stats (total=5, active=0, idle=5, waiting=0)
2021-08-04 14:54:28,529 DEBUG com.zaxxer.hikari.pool.HikariPool [HikariPoolBooks housekeeper] HikariPoolBooks - After cleanup  stats (total=5, active=0, idle=5, waiting=0)
2021-08-04 14:54:28,531 DEBUG com.zaxxer.hikari.pool.HikariPool [HikariPoolBooks housekeeper] HikariPoolBooks - Fill pool skipped, pool is at sufficient level.
2021-08-04 14:54:58,534 DEBUG com.zaxxer.hikari.pool.HikariPool [HikariPoolBooks housekeeper] HikariPoolBooks - Before cleanup stats (total=5, active=0, idle=5, waiting=0)
2021-08-04 14:54:58,534 DEBUG com.zaxxer.hikari.pool.HikariPool [HikariPoolBooks housekeeper] HikariPoolBooks - After cleanup  stats (total=5, active=0, idle=5, waiting=0)
2021-08-04 14:54:58,534 DEBUG com.zaxxer.hikari.pool.HikariPool [HikariPoolBooks housekeeper] HikariPoolBooks - Fill pool skipped, pool is at sufficient level.
2021-08-04 14:55:28,537 DEBUG com.zaxxer.hikari.pool.HikariPool [HikariPoolBooks housekeeper] HikariPoolBooks - Before cleanup stats (total=5, active=0, idle=5, waiting=0)
2021-08-04 14:55:28,537 DEBUG com.zaxxer.hikari.pool.HikariPool [HikariPoolBooks housekeeper] HikariPoolBooks - After cleanup  stats (total=5, active=0, idle=5, waiting=0)
2021-08-04 14:55:28,537 DEBUG com.zaxxer.hikari.pool.HikariPool [HikariPoolBooks housekeeper] HikariPoolBooks - Fill pool skipped, pool is at sufficient level.
2021-08-04 14:55:58,538 DEBUG com.zaxxer.hikari.pool.HikariPool [HikariPoolBooks housekeeper] HikariPoolBooks - Before cleanup stats (total=5, active=0, idle=5, waiting=0)
2021-08-04 14:55:58,538 DEBUG com.zaxxer.hikari.pool.HikariPool [HikariPoolBooks housekeeper] HikariPoolBooks - After cleanup  stats (total=5, active=0, idle=5, waiting=0)
2021-08-04 14:55:58,538 DEBUG com.zaxxer.hikari.pool.HikariPool [HikariPoolBooks housekeeper] HikariPoolBooks - Fill pool skipped, pool is at sufficient level.
2021-08-04 14:56:28,540 DEBUG com.zaxxer.hikari.pool.HikariPool [HikariPoolBooks housekeeper] HikariPoolBooks - Before cleanup stats (total=5, active=0, idle=5, waiting=0)
2021-08-04 14:56:28,540 DEBUG com.zaxxer.hikari.pool.HikariPool [HikariPoolBooks housekeeper] HikariPoolBooks - After cleanup  stats (total=5, active=0, idle=5, waiting=0)
2021-08-04 14:56:28,540 DEBUG com.zaxxer.hikari.pool.HikariPool [HikariPoolBooks housekeeper] HikariPoolBooks - Fill pool skipped, pool is at sufficient level.
2021-08-04 14:56:58,542 DEBUG com.zaxxer.hikari.pool.HikariPool [HikariPoolBooks housekeeper] HikariPoolBooks - Before cleanup stats (total=5, active=0, idle=5, waiting=0)
2021-08-04 14:56:58,542 DEBUG com.zaxxer.hikari.pool.HikariPool [HikariPoolBooks housekeeper] HikariPoolBooks - After cleanup  stats (total=5, active=0, idle=5, waiting=0)
2021-08-04 14:56:58,542 DEBUG com.zaxxer.hikari.pool.HikariPool [HikariPoolBooks housekeeper] HikariPoolBooks - Fill pool skipped, pool is at sufficient level.
2021-08-04 14:57:28,543 DEBUG com.zaxxer.hikari.pool.HikariPool [HikariPoolBooks housekeeper] HikariPoolBooks - Before cleanup stats (total=5, active=0, idle=5, waiting=0)
2021-08-04 14:57:28,543 DEBUG com.zaxxer.hikari.pool.HikariPool [HikariPoolBooks housekeeper] HikariPoolBooks - After cleanup  stats (total=5, active=0, idle=5, waiting=0)
2021-08-04 14:57:28,543 DEBUG com.zaxxer.hikari.pool.HikariPool [HikariPoolBooks housekeeper] HikariPoolBooks - Fill pool skipped, pool is at sufficient level.
2021-08-04 14:57:58,545 DEBUG com.zaxxer.hikari.pool.HikariPool [HikariPoolBooks housekeeper] HikariPoolBooks - Before cleanup stats (total=5, active=0, idle=5, waiting=0)
2021-08-04 14:57:58,545 DEBUG com.zaxxer.hikari.pool.HikariPool [HikariPoolBooks housekeeper] HikariPoolBooks - After cleanup  stats (total=5, active=0, idle=5, waiting=0)
2021-08-04 14:57:58,546 DEBUG com.zaxxer.hikari.pool.HikariPool [HikariPoolBooks housekeeper] HikariPoolBooks - Fill pool skipped, pool is at sufficient level.
2021-08-04 14:58:28,547 DEBUG com.zaxxer.hikari.pool.HikariPool [HikariPoolBooks housekeeper] HikariPoolBooks - Before cleanup stats (total=5, active=0, idle=5, waiting=0)
2021-08-04 14:58:28,547 DEBUG com.zaxxer.hikari.pool.HikariPool [HikariPoolBooks housekeeper] HikariPoolBooks - After cleanup  stats (total=5, active=0, idle=5, waiting=0)
2021-08-04 14:58:28,547 DEBUG com.zaxxer.hikari.pool.HikariPool [HikariPoolBooks housekeeper] HikariPoolBooks - Fill pool skipped, pool is at sufficient level.
2021-08-04 14:58:58,549 DEBUG com.zaxxer.hikari.pool.HikariPool [HikariPoolBooks housekeeper] HikariPoolBooks - Before cleanup stats (total=5, active=0, idle=5, waiting=0)
2021-08-04 14:58:58,549 DEBUG com.zaxxer.hikari.pool.HikariPool [HikariPoolBooks housekeeper] HikariPoolBooks - After cleanup  stats (total=5, active=0, idle=5, waiting=0)
2021-08-04 14:58:58,549 DEBUG com.zaxxer.hikari.pool.HikariPool [HikariPoolBooks housekeeper] HikariPoolBooks - Fill pool skipped, pool is at sufficient level.
2021-08-04 14:59:28,552 DEBUG com.zaxxer.hikari.pool.HikariPool [HikariPoolBooks housekeeper] HikariPoolBooks - Before cleanup stats (total=5, active=0, idle=5, waiting=0)
2021-08-04 14:59:28,552 DEBUG com.zaxxer.hikari.pool.HikariPool [HikariPoolBooks housekeeper] HikariPoolBooks - After cleanup  stats (total=5, active=0, idle=5, waiting=0)
2021-08-04 14:59:28,552 DEBUG com.zaxxer.hikari.pool.HikariPool [HikariPoolBooks housekeeper] HikariPoolBooks - Fill pool skipped, pool is at sufficient level.
2021-08-04 14:59:58,553 DEBUG com.zaxxer.hikari.pool.HikariPool [HikariPoolBooks housekeeper] HikariPoolBooks - Before cleanup stats (total=5, active=0, idle=5, waiting=0)
2021-08-04 14:59:58,553 DEBUG com.zaxxer.hikari.pool.HikariPool [HikariPoolBooks housekeeper] HikariPoolBooks - After cleanup  stats (total=5, active=0, idle=5, waiting=0)
2021-08-04 14:59:58,553 DEBUG com.zaxxer.hikari.pool.HikariPool [HikariPoolBooks housekeeper] HikariPoolBooks - Fill pool skipped, pool is at sufficient level.
2021-08-04 15:00:28,554 DEBUG com.zaxxer.hikari.pool.HikariPool [HikariPoolBooks housekeeper] HikariPoolBooks - Before cleanup stats (total=5, active=0, idle=5, waiting=0)
2021-08-04 15:00:28,554 DEBUG com.zaxxer.hikari.pool.HikariPool [HikariPoolBooks housekeeper] HikariPoolBooks - After cleanup  stats (total=5, active=0, idle=5, waiting=0)
2021-08-04 15:00:28,555 DEBUG com.zaxxer.hikari.pool.HikariPool [HikariPoolBooks housekeeper] HikariPoolBooks - Fill pool skipped, pool is at sufficient level.
2021-08-04 15:00:58,557 DEBUG com.zaxxer.hikari.pool.HikariPool [HikariPoolBooks housekeeper] HikariPoolBooks - Before cleanup stats (total=5, active=0, idle=5, waiting=0)
2021-08-04 15:00:58,557 DEBUG com.zaxxer.hikari.pool.HikariPool [HikariPoolBooks housekeeper] HikariPoolBooks - After cleanup  stats (total=5, active=0, idle=5, waiting=0)
2021-08-04 15:00:58,558 DEBUG com.zaxxer.hikari.pool.HikariPool [HikariPoolBooks housekeeper] HikariPoolBooks - Fill pool skipped, pool is at sufficient level.
2021-08-04 15:01:28,559 DEBUG com.zaxxer.hikari.pool.HikariPool [HikariPoolBooks housekeeper] HikariPoolBooks - Before cleanup stats (total=5, active=0, idle=5, waiting=0)
2021-08-04 15:01:28,559 DEBUG com.zaxxer.hikari.pool.HikariPool [HikariPoolBooks housekeeper] HikariPoolBooks - After cleanup  stats (total=5, active=0, idle=5, waiting=0)
2021-08-04 15:01:28,559 DEBUG com.zaxxer.hikari.pool.HikariPool [HikariPoolBooks housekeeper] HikariPoolBooks - Fill pool skipped, pool is at sufficient level.
2021-08-04 15:01:58,560 DEBUG com.zaxxer.hikari.pool.HikariPool [HikariPoolBooks housekeeper] HikariPoolBooks - Before cleanup stats (total=5, active=0, idle=5, waiting=0)
2021-08-04 15:01:58,560 DEBUG com.zaxxer.hikari.pool.HikariPool [HikariPoolBooks housekeeper] HikariPoolBooks - After cleanup  stats (total=5, active=0, idle=5, waiting=0)
2021-08-04 15:01:58,561 DEBUG com.zaxxer.hikari.pool.HikariPool [HikariPoolBooks housekeeper] HikariPoolBooks - Fill pool skipped, pool is at sufficient level.
2021-08-04 15:02:28,562 DEBUG com.zaxxer.hikari.pool.HikariPool [HikariPoolBooks housekeeper] HikariPoolBooks - Before cleanup stats (total=5, active=0, idle=5, waiting=0)
2021-08-04 15:02:28,562 DEBUG com.zaxxer.hikari.pool.HikariPool [HikariPoolBooks housekeeper] HikariPoolBooks - After cleanup  stats (total=5, active=0, idle=5, waiting=0)
2021-08-04 15:02:28,562 DEBUG com.zaxxer.hikari.pool.HikariPool [HikariPoolBooks housekeeper] HikariPoolBooks - Fill pool skipped, pool is at sufficient level.
2021-08-04 15:02:58,564 DEBUG com.zaxxer.hikari.pool.HikariPool [HikariPoolBooks housekeeper] HikariPoolBooks - Before cleanup stats (total=5, active=0, idle=5, waiting=0)
2021-08-04 15:02:58,564 DEBUG com.zaxxer.hikari.pool.HikariPool [HikariPoolBooks housekeeper] HikariPoolBooks - After cleanup  stats (total=5, active=0, idle=5, waiting=0)
2021-08-04 15:02:58,565 DEBUG com.zaxxer.hikari.pool.HikariPool [HikariPoolBooks housekeeper] HikariPoolBooks - Fill pool skipped, pool is at sufficient level.
2021-08-04 15:03:28,566 DEBUG com.zaxxer.hikari.pool.HikariPool [HikariPoolBooks housekeeper] HikariPoolBooks - Before cleanup stats (total=5, active=0, idle=5, waiting=0)
2021-08-04 15:03:28,567 DEBUG com.zaxxer.hikari.pool.HikariPool [HikariPoolBooks housekeeper] HikariPoolBooks - After cleanup  stats (total=5, active=0, idle=5, waiting=0)
2021-08-04 15:03:28,567 DEBUG com.zaxxer.hikari.pool.HikariPool [HikariPoolBooks housekeeper] HikariPoolBooks - Fill pool skipped, pool is at sufficient level.
2021-08-04 15:03:58,569 DEBUG com.zaxxer.hikari.pool.HikariPool [HikariPoolBooks housekeeper] HikariPoolBooks - Before cleanup stats (total=5, active=0, idle=5, waiting=0)
2021-08-04 15:03:58,569 DEBUG com.zaxxer.hikari.pool.HikariPool [HikariPoolBooks housekeeper] HikariPoolBooks - After cleanup  stats (total=5, active=0, idle=5, waiting=0)
2021-08-04 15:03:58,569 DEBUG com.zaxxer.hikari.pool.HikariPool [HikariPoolBooks housekeeper] HikariPoolBooks - Fill pool skipped, pool is at sufficient level.
2021-08-04 15:04:28,570 DEBUG com.zaxxer.hikari.pool.HikariPool [HikariPoolBooks housekeeper] HikariPoolBooks - Before cleanup stats (total=5, active=0, idle=5, waiting=0)
2021-08-04 15:04:28,570 DEBUG com.zaxxer.hikari.pool.HikariPool [HikariPoolBooks housekeeper] HikariPoolBooks - After cleanup  stats (total=5, active=0, idle=5, waiting=0)
2021-08-04 15:04:28,570 DEBUG com.zaxxer.hikari.pool.HikariPool [HikariPoolBooks housekeeper] HikariPoolBooks - Fill pool skipped, pool is at sufficient level.
2021-08-04 15:04:58,571 DEBUG com.zaxxer.hikari.pool.HikariPool [HikariPoolBooks housekeeper] HikariPoolBooks - Before cleanup stats (total=5, active=0, idle=5, waiting=0)
2021-08-04 15:04:58,571 DEBUG com.zaxxer.hikari.pool.HikariPool [HikariPoolBooks housekeeper] HikariPoolBooks - After cleanup  stats (total=5, active=0, idle=5, waiting=0)
2021-08-04 15:04:58,572 DEBUG com.zaxxer.hikari.pool.HikariPool [HikariPoolBooks housekeeper] HikariPoolBooks - Fill pool skipped, pool is at sufficient level.
2021-08-04 15:05:28,574 DEBUG com.zaxxer.hikari.pool.HikariPool [HikariPoolBooks housekeeper] HikariPoolBooks - Before cleanup stats (total=5, active=0, idle=5, waiting=0)
2021-08-04 15:05:28,574 DEBUG com.zaxxer.hikari.pool.HikariPool [HikariPoolBooks housekeeper] HikariPoolBooks - After cleanup  stats (total=5, active=0, idle=5, waiting=0)
2021-08-04 15:05:28,574 DEBUG com.zaxxer.hikari.pool.HikariPool [HikariPoolBooks housekeeper] HikariPoolBooks - Fill pool skipped, pool is at sufficient level.
2021-08-04 15:05:58,576 DEBUG com.zaxxer.hikari.pool.HikariPool [HikariPoolBooks housekeeper] HikariPoolBooks - Before cleanup stats (total=5, active=0, idle=5, waiting=0)
2021-08-04 15:05:58,576 DEBUG com.zaxxer.hikari.pool.HikariPool [HikariPoolBooks housekeeper] HikariPoolBooks - After cleanup  stats (total=5, active=0, idle=5, waiting=0)
2021-08-04 15:05:58,576 DEBUG com.zaxxer.hikari.pool.HikariPool [HikariPoolBooks housekeeper] HikariPoolBooks - Fill pool skipped, pool is at sufficient level.
2021-08-04 15:06:28,578 DEBUG com.zaxxer.hikari.pool.HikariPool [HikariPoolBooks housekeeper] HikariPoolBooks - Before cleanup stats (total=5, active=0, idle=5, waiting=0)
2021-08-04 15:06:28,578 DEBUG com.zaxxer.hikari.pool.HikariPool [HikariPoolBooks housekeeper] HikariPoolBooks - After cleanup  stats (total=5, active=0, idle=5, waiting=0)
2021-08-04 15:06:28,578 DEBUG com.zaxxer.hikari.pool.HikariPool [HikariPoolBooks housekeeper] HikariPoolBooks - Fill pool skipped, pool is at sufficient level.
2021-08-04 15:06:58,580 DEBUG com.zaxxer.hikari.pool.HikariPool [HikariPoolBooks housekeeper] HikariPoolBooks - Before cleanup stats (total=5, active=0, idle=5, waiting=0)
2021-08-04 15:06:58,580 DEBUG com.zaxxer.hikari.pool.HikariPool [HikariPoolBooks housekeeper] HikariPoolBooks - After cleanup  stats (total=5, active=0, idle=5, waiting=0)
2021-08-04 15:06:58,580 DEBUG com.zaxxer.hikari.pool.HikariPool [HikariPoolBooks housekeeper] HikariPoolBooks - Fill pool skipped, pool is at sufficient level.
2021-08-04 15:07:28,582 DEBUG com.zaxxer.hikari.pool.HikariPool [HikariPoolBooks housekeeper] HikariPoolBooks - Before cleanup stats (total=5, active=0, idle=5, waiting=0)
2021-08-04 15:07:28,582 DEBUG com.zaxxer.hikari.pool.HikariPool [HikariPoolBooks housekeeper] HikariPoolBooks - After cleanup  stats (total=5, active=0, idle=5, waiting=0)
2021-08-04 15:07:28,583 DEBUG com.zaxxer.hikari.pool.HikariPool [HikariPoolBooks housekeeper] HikariPoolBooks - Fill pool skipped, pool is at sufficient level.
2021-08-04 15:07:58,584 DEBUG com.zaxxer.hikari.pool.HikariPool [HikariPoolBooks housekeeper] HikariPoolBooks - Before cleanup stats (total=5, active=0, idle=5, waiting=0)
2021-08-04 15:07:58,584 DEBUG com.zaxxer.hikari.pool.HikariPool [HikariPoolBooks housekeeper] HikariPoolBooks - After cleanup  stats (total=5, active=0, idle=5, waiting=0)
2021-08-04 15:07:58,584 DEBUG com.zaxxer.hikari.pool.HikariPool [HikariPoolBooks housekeeper] HikariPoolBooks - Fill pool skipped, pool is at sufficient level.
2021-08-04 15:08:28,586 DEBUG com.zaxxer.hikari.pool.HikariPool [HikariPoolBooks housekeeper] HikariPoolBooks - Before cleanup stats (total=5, active=0, idle=5, waiting=0)
2021-08-04 15:08:28,586 DEBUG com.zaxxer.hikari.pool.HikariPool [HikariPoolBooks housekeeper] HikariPoolBooks - After cleanup  stats (total=5, active=0, idle=5, waiting=0)
2021-08-04 15:08:28,586 DEBUG com.zaxxer.hikari.pool.HikariPool [HikariPoolBooks housekeeper] HikariPoolBooks - Fill pool skipped, pool is at sufficient level.
2021-08-04 15:08:58,588 DEBUG com.zaxxer.hikari.pool.HikariPool [HikariPoolBooks housekeeper] HikariPoolBooks - Before cleanup stats (total=5, active=0, idle=5, waiting=0)
2021-08-04 15:08:58,588 DEBUG com.zaxxer.hikari.pool.HikariPool [HikariPoolBooks housekeeper] HikariPoolBooks - After cleanup  stats (total=5, active=0, idle=5, waiting=0)
2021-08-04 15:08:58,588 DEBUG com.zaxxer.hikari.pool.HikariPool [HikariPoolBooks housekeeper] HikariPoolBooks - Fill pool skipped, pool is at sufficient level.
2021-08-04 15:09:28,590 DEBUG com.zaxxer.hikari.pool.HikariPool [HikariPoolBooks housekeeper] HikariPoolBooks - Before cleanup stats (total=5, active=0, idle=5, waiting=0)
2021-08-04 15:09:28,590 DEBUG com.zaxxer.hikari.pool.HikariPool [HikariPoolBooks housekeeper] HikariPoolBooks - After cleanup  stats (total=5, active=0, idle=5, waiting=0)
2021-08-04 15:09:28,590 DEBUG com.zaxxer.hikari.pool.HikariPool [HikariPoolBooks housekeeper] HikariPoolBooks - Fill pool skipped, pool is at sufficient level.
2021-08-04 15:09:58,592 DEBUG com.zaxxer.hikari.pool.HikariPool [HikariPoolBooks housekeeper] HikariPoolBooks - Before cleanup stats (total=5, active=0, idle=5, waiting=0)
2021-08-04 15:09:58,592 DEBUG com.zaxxer.hikari.pool.HikariPool [HikariPoolBooks housekeeper] HikariPoolBooks - After cleanup  stats (total=5, active=0, idle=5, waiting=0)
2021-08-04 15:09:58,592 DEBUG com.zaxxer.hikari.pool.HikariPool [HikariPoolBooks housekeeper] HikariPoolBooks - Fill pool skipped, pool is at sufficient level.
2021-08-04 15:10:28,593 DEBUG com.zaxxer.hikari.pool.HikariPool [HikariPoolBooks housekeeper] HikariPoolBooks - Before cleanup stats (total=5, active=0, idle=5, waiting=0)
2021-08-04 15:10:28,593 DEBUG com.zaxxer.hikari.pool.HikariPool [HikariPoolBooks housekeeper] HikariPoolBooks - After cleanup  stats (total=5, active=0, idle=5, waiting=0)
2021-08-04 15:10:28,593 DEBUG com.zaxxer.hikari.pool.HikariPool [HikariPoolBooks housekeeper] HikariPoolBooks - Fill pool skipped, pool is at sufficient level.
2021-08-04 15:10:58,595 DEBUG com.zaxxer.hikari.pool.HikariPool [HikariPoolBooks housekeeper] HikariPoolBooks - Before cleanup stats (total=5, active=0, idle=5, waiting=0)
2021-08-04 15:10:58,595 DEBUG com.zaxxer.hikari.pool.HikariPool [HikariPoolBooks housekeeper] HikariPoolBooks - After cleanup  stats (total=5, active=0, idle=5, waiting=0)
2021-08-04 15:10:58,595 DEBUG com.zaxxer.hikari.pool.HikariPool [HikariPoolBooks housekeeper] HikariPoolBooks - Fill pool skipped, pool is at sufficient level.
2021-08-04 15:11:28,596 DEBUG com.zaxxer.hikari.pool.HikariPool [HikariPoolBooks housekeeper] HikariPoolBooks - Before cleanup stats (total=5, active=0, idle=5, waiting=0)
2021-08-04 15:11:28,596 DEBUG com.zaxxer.hikari.pool.HikariPool [HikariPoolBooks housekeeper] HikariPoolBooks - After cleanup  stats (total=5, active=0, idle=5, waiting=0)
2021-08-04 15:11:28,596 DEBUG com.zaxxer.hikari.pool.HikariPool [HikariPoolBooks housekeeper] HikariPoolBooks - Fill pool skipped, pool is at sufficient level.
